2024-06-03 20:34:51,939 INFO    StreamThr :86020 [internal.py:wandb_internal():85] W&B internal server running at pid: 86020, started at: 2024-06-03 20:34:51.935325
2024-06-03 20:34:51,941 DEBUG   HandlerThread:86020 [handler.py:handle_request():158] handle_request: status
2024-06-03 20:34:51,950 INFO    WriterThread:86020 [datastore.py:open_for_write():87] open: /Users/dakotachang/wandb_testing/wandb/run-20240603_203451-lopdxnzu/run-lopdxnzu.wandb
2024-06-03 20:34:51,951 DEBUG   SenderThread:86020 [sender.py:send():378] send: header
2024-06-03 20:34:51,980 DEBUG   SenderThread:86020 [sender.py:send():378] send: run
2024-06-03 20:34:55,100 INFO    SenderThread:86020 [retry.py:__call__():172] Retry attempt failed:
Traceback (most recent call last):
  File "/opt/anaconda3/lib/python3.11/site-packages/urllib3/connection.py", line 203, in _new_conn
    sock = connection.create_connection(
           ^^^^^^^^^^^^^^^^^^^^^^^^^^^^^
  File "/opt/anaconda3/lib/python3.11/site-packages/urllib3/util/connection.py", line 60, in create_connection
    for res in socket.getaddrinfo(host, port, family, socket.SOCK_STREAM):
               ^^^^^^^^^^^^^^^^^^^^^^^^^^^^^^^^^^^^^^^^^^^^^^^^^^^^^^^^^^
  File "/opt/anaconda3/lib/python3.11/socket.py", line 962, in getaddrinfo
    for res in _socket.getaddrinfo(host, port, family, type, proto, flags):
               ^^^^^^^^^^^^^^^^^^^^^^^^^^^^^^^^^^^^^^^^^^^^^^^^^^^^^^^^^^^
socket.gaierror: [Errno 8] nodename nor servname provided, or not known

The above exception was the direct cause of the following exception:

Traceback (most recent call last):
  File "/opt/anaconda3/lib/python3.11/site-packages/urllib3/connectionpool.py", line 791, in urlopen
    response = self._make_request(
               ^^^^^^^^^^^^^^^^^^^
  File "/opt/anaconda3/lib/python3.11/site-packages/urllib3/connectionpool.py", line 492, in _make_request
    raise new_e
  File "/opt/anaconda3/lib/python3.11/site-packages/urllib3/connectionpool.py", line 468, in _make_request
    self._validate_conn(conn)
  File "/opt/anaconda3/lib/python3.11/site-packages/urllib3/connectionpool.py", line 1097, in _validate_conn
    conn.connect()
  File "/opt/anaconda3/lib/python3.11/site-packages/urllib3/connection.py", line 611, in connect
    self.sock = sock = self._new_conn()
                       ^^^^^^^^^^^^^^^^
  File "/opt/anaconda3/lib/python3.11/site-packages/urllib3/connection.py", line 210, in _new_conn
    raise NameResolutionError(self.host, self, e) from e
urllib3.exceptions.NameResolutionError: <urllib3.connection.HTTPSConnection object at 0x1161135d0>: Failed to resolve 'api.wandb.ai' ([Errno 8] nodename nor servname provided, or not known)

The above exception was the direct cause of the following exception:

Traceback (most recent call last):
  File "/opt/anaconda3/lib/python3.11/site-packages/requests/adapters.py", line 486, in send
    resp = conn.urlopen(
           ^^^^^^^^^^^^^
  File "/opt/anaconda3/lib/python3.11/site-packages/urllib3/connectionpool.py", line 845, in urlopen
    retries = retries.increment(
              ^^^^^^^^^^^^^^^^^^
  File "/opt/anaconda3/lib/python3.11/site-packages/urllib3/util/retry.py", line 515, in increment
    raise MaxRetryError(_pool, url, reason) from reason  # type: ignore[arg-type]
    ^^^^^^^^^^^^^^^^^^^^^^^^^^^^^^^^^^^^^^^^^^^^^^^^^^^
urllib3.exceptions.MaxRetryError: HTTPSConnectionPool(host='api.wandb.ai', port=443): Max retries exceeded with url: /graphql (Caused by NameResolutionError("<urllib3.connection.HTTPSConnection object at 0x1161135d0>: Failed to resolve 'api.wandb.ai' ([Errno 8] nodename nor servname provided, or not known)"))

During handling of the above exception, another exception occurred:

Traceback (most recent call last):
  File "/opt/anaconda3/lib/python3.11/site-packages/wandb/sdk/lib/retry.py", line 131, in __call__
    result = self._call_fn(*args, **kwargs)
             ^^^^^^^^^^^^^^^^^^^^^^^^^^^^^^
  File "/opt/anaconda3/lib/python3.11/site-packages/wandb/sdk/internal/internal_api.py", line 340, in execute
    return self.client.execute(*args, **kwargs)  # type: ignore
           ^^^^^^^^^^^^^^^^^^^^^^^^^^^^^^^^^^^^
  File "/opt/anaconda3/lib/python3.11/site-packages/wandb/vendor/gql-0.2.0/wandb_gql/client.py", line 52, in execute
    result = self._get_result(document, *args, **kwargs)
             ^^^^^^^^^^^^^^^^^^^^^^^^^^^^^^^^^^^^^^^^^^^
  File "/opt/anaconda3/lib/python3.11/site-packages/wandb/vendor/gql-0.2.0/wandb_gql/client.py", line 60, in _get_result
    return self.transport.execute(document, *args, **kwargs)
           ^^^^^^^^^^^^^^^^^^^^^^^^^^^^^^^^^^^^^^^^^^^^^^^^^
  File "/opt/anaconda3/lib/python3.11/site-packages/wandb/sdk/lib/gql_request.py", line 58, in execute
    request = self.session.post(self.url, **post_args)
              ^^^^^^^^^^^^^^^^^^^^^^^^^^^^^^^^^^^^^^^^
  File "/opt/anaconda3/lib/python3.11/site-packages/requests/sessions.py", line 637, in post
    return self.request("POST", url, data=data, json=json, **kwargs)
           ^^^^^^^^^^^^^^^^^^^^^^^^^^^^^^^^^^^^^^^^^^^^^^^^^^^^^^^^^
  File "/opt/anaconda3/lib/python3.11/site-packages/requests/sessions.py", line 589, in request
    resp = self.send(prep, **send_kwargs)
           ^^^^^^^^^^^^^^^^^^^^^^^^^^^^^^
  File "/opt/anaconda3/lib/python3.11/site-packages/requests/sessions.py", line 703, in send
    r = adapter.send(request, **kwargs)
        ^^^^^^^^^^^^^^^^^^^^^^^^^^^^^^^
  File "/opt/anaconda3/lib/python3.11/site-packages/requests/adapters.py", line 519, in send
    raise ConnectionError(e, request=request)
requests.exceptions.ConnectionError: HTTPSConnectionPool(host='api.wandb.ai', port=443): Max retries exceeded with url: /graphql (Caused by NameResolutionError("<urllib3.connection.HTTPSConnection object at 0x1161135d0>: Failed to resolve 'api.wandb.ai' ([Errno 8] nodename nor servname provided, or not known)"))
2024-06-03 20:34:57,024 DEBUG   HandlerThread:86020 [handler.py:handle_request():158] handle_request: keepalive
2024-06-03 20:35:49,506 DEBUG   HandlerThread:86020 [handler.py:handle_request():158] handle_request: keepalive
2024-06-03 20:35:54,583 DEBUG   HandlerThread:86020 [handler.py:handle_request():158] handle_request: keepalive
2024-06-03 20:35:56,719 INFO    SenderThread:86020 [dir_watcher.py:__init__():211] watching files in: /Users/dakotachang/wandb_testing/wandb/run-20240603_203451-lopdxnzu/files
2024-06-03 20:35:56,720 INFO    SenderThread:86020 [sender.py:_start_run_threads():1123] run started: lopdxnzu with start time 1717461291.933853
2024-06-03 20:35:56,720 DEBUG   HandlerThread:86020 [handler.py:handle_request():158] handle_request: status_report
2024-06-03 20:35:56,751 DEBUG   HandlerThread:86020 [handler.py:handle_request():158] handle_request: check_version
2024-06-03 20:35:56,751 DEBUG   SenderThread:86020 [sender.py:send_request():405] send_request: check_version
2024-06-03 20:35:56,843 DEBUG   HandlerThread:86020 [handler.py:handle_request():158] handle_request: run_start
2024-06-03 20:35:56,850 DEBUG   HandlerThread:86020 [system_info.py:__init__():26] System info init
2024-06-03 20:35:56,850 DEBUG   HandlerThread:86020 [system_info.py:__init__():41] System info init done
2024-06-03 20:35:56,850 INFO    HandlerThread:86020 [system_monitor.py:start():194] Starting system monitor
2024-06-03 20:35:56,850 INFO    SystemMonitor:86020 [system_monitor.py:_start():158] Starting system asset monitoring threads
2024-06-03 20:35:56,850 INFO    HandlerThread:86020 [system_monitor.py:probe():214] Collecting system info
2024-06-03 20:35:56,850 INFO    SystemMonitor:86020 [interfaces.py:start():188] Started cpu monitoring
2024-06-03 20:35:56,851 INFO    SystemMonitor:86020 [interfaces.py:start():188] Started disk monitoring
2024-06-03 20:35:56,853 INFO    SystemMonitor:86020 [interfaces.py:start():188] Started gpuapple monitoring
2024-06-03 20:35:56,854 INFO    SystemMonitor:86020 [interfaces.py:start():188] Started memory monitoring
2024-06-03 20:35:56,855 INFO    SystemMonitor:86020 [interfaces.py:start():188] Started network monitoring
2024-06-03 20:35:57,436 DEBUG   HandlerThread:86020 [system_info.py:probe():150] Probing system
2024-06-03 20:35:57,441 DEBUG   HandlerThread:86020 [system_info.py:_probe_git():135] Probing git
2024-06-03 20:35:57,470 DEBUG   HandlerThread:86020 [system_info.py:_probe_git():143] Probing git done
2024-06-03 20:35:57,470 DEBUG   HandlerThread:86020 [system_info.py:probe():198] Probing system done
2024-06-03 20:35:57,470 DEBUG   HandlerThread:86020 [system_monitor.py:probe():223] {'os': 'macOS-14.4.1-arm64-arm-64bit', 'python': '3.11.7', 'heartbeatAt': '2024-06-04T00:35:57.437350', 'startedAt': '2024-06-04T00:34:51.876329', 'docker': None, 'cuda': None, 'args': ('--batch_size=58', '--epsilon_decay=1.8727892211801147', '--learning_rate=0.0014136840356987366'), 'state': 'running', 'program': '/Users/dakotachang/wandb_testing/train.py', 'codePathLocal': 'train.py', 'codePath': 'train.py', 'git': {'remote': 'https://github.com/dakotacsk/wandb_testing.git', 'commit': 'abd4e46f0a70be6019bade9c959492ec363b37a6'}, 'email': None, 'root': '/Users/dakotachang/wandb_testing', 'host': 'Dakotas-MBP-2.olin.edu', 'username': 'root', 'executable': '/opt/anaconda3/bin/python', 'cpu_count': 8, 'cpu_count_logical': 8, 'disk': {'/': {'total': 460.4317207336426, 'used': 447.6842460632324}}, 'gpuapple': {'type': 'Apple M2', 'vendor': 'sppci_vendor_Apple'}, 'memory': {'total': 8.0}}
2024-06-03 20:35:57,471 INFO    HandlerThread:86020 [system_monitor.py:probe():224] Finished collecting system info
2024-06-03 20:35:57,471 INFO    HandlerThread:86020 [system_monitor.py:probe():227] Publishing system info
2024-06-03 20:35:57,471 DEBUG   HandlerThread:86020 [system_info.py:_save_conda():207] Saving list of conda packages installed into the current environment
2024-06-03 20:35:57,723 INFO    Thread-12 :86020 [dir_watcher.py:_on_file_created():271] file/dir created: /Users/dakotachang/wandb_testing/wandb/run-20240603_203451-lopdxnzu/files/conda-environment.yaml
2024-06-03 20:35:59,743 INFO    Thread-12 :86020 [dir_watcher.py:_on_file_modified():288] file/dir modified: /Users/dakotachang/wandb_testing/wandb/run-20240603_203451-lopdxnzu/files/conda-environment.yaml
2024-06-03 20:35:59,745 DEBUG   HandlerThread:86020 [system_info.py:_save_conda():222] Saving conda packages done
2024-06-03 20:35:59,745 INFO    HandlerThread:86020 [system_monitor.py:probe():229] Finished publishing system info
2024-06-03 20:35:59,758 DEBUG   SenderThread:86020 [sender.py:send():378] send: files
2024-06-03 20:35:59,758 INFO    SenderThread:86020 [sender.py:_save_file():1389] saving file wandb-metadata.json with policy now
2024-06-03 20:36:00,084 INFO    wandb-upload_0:86020 [upload_job.py:push():130] Uploaded file /private/tmp/PKInstallSandbox.TigIf6/tmp/tmp66k8lozgwandb/q0mv6tfs-wandb-metadata.json
2024-06-03 20:36:00,753 INFO    Thread-12 :86020 [dir_watcher.py:_on_file_created():271] file/dir created: /Users/dakotachang/wandb_testing/wandb/run-20240603_203451-lopdxnzu/files/wandb-metadata.json
2024-06-03 20:36:00,911 DEBUG   HandlerThread:86020 [handler.py:handle_request():158] handle_request: python_packages
2024-06-03 20:36:00,911 DEBUG   SenderThread:86020 [sender.py:send_request():405] send_request: python_packages
2024-06-03 20:36:00,911 DEBUG   HandlerThread:86020 [handler.py:handle_request():158] handle_request: stop_status
2024-06-03 20:36:00,912 DEBUG   SenderThread:86020 [sender.py:send_request():405] send_request: stop_status
2024-06-03 20:36:01,027 DEBUG   SenderThread:86020 [sender.py:send():378] send: telemetry
2024-06-03 20:36:01,763 INFO    Thread-12 :86020 [dir_watcher.py:_on_file_created():271] file/dir created: /Users/dakotachang/wandb_testing/wandb/run-20240603_203451-lopdxnzu/files/requirements.txt
2024-06-03 20:36:01,763 INFO    Thread-12 :86020 [dir_watcher.py:_on_file_created():271] file/dir created: /Users/dakotachang/wandb_testing/wandb/run-20240603_203451-lopdxnzu/files/output.log
2024-06-03 20:36:01,905 DEBUG   HandlerThread:86020 [handler.py:handle_request():158] handle_request: partial_history
2024-06-03 20:36:01,906 DEBUG   SenderThread:86020 [sender.py:send():378] send: history
2024-06-03 20:36:01,907 DEBUG   HandlerThread:86020 [handler.py:handle_request():158] handle_request: partial_history
2024-06-03 20:36:01,907 DEBUG   SenderThread:86020 [sender.py:send_request():405] send_request: summary_record
2024-06-03 20:36:01,907 DEBUG   HandlerThread:86020 [handler.py:handle_request():158] handle_request: status_report
2024-06-03 20:36:01,907 INFO    SenderThread:86020 [sender.py:_save_file():1389] saving file wandb-summary.json with policy end
2024-06-03 20:36:01,907 DEBUG   SenderThread:86020 [sender.py:send():378] send: history
2024-06-03 20:36:01,908 DEBUG   SenderThread:86020 [sender.py:send_request():405] send_request: summary_record
2024-06-03 20:36:01,908 INFO    SenderThread:86020 [sender.py:_save_file():1389] saving file wandb-summary.json with policy end
2024-06-03 20:36:01,971 DEBUG   HandlerThread:86020 [handler.py:handle_request():158] handle_request: partial_history
2024-06-03 20:36:01,972 DEBUG   SenderThread:86020 [sender.py:send():378] send: history
2024-06-03 20:36:01,972 DEBUG   SenderThread:86020 [sender.py:send_request():405] send_request: summary_record
2024-06-03 20:36:01,972 INFO    SenderThread:86020 [sender.py:_save_file():1389] saving file wandb-summary.json with policy end
2024-06-03 20:36:01,981 DEBUG   HandlerThread:86020 [handler.py:handle_request():158] handle_request: partial_history
2024-06-03 20:36:01,982 DEBUG   SenderThread:86020 [sender.py:send():378] send: history
2024-06-03 20:36:01,982 DEBUG   SenderThread:86020 [sender.py:send_request():405] send_request: summary_record
2024-06-03 20:36:01,982 INFO    SenderThread:86020 [sender.py:_save_file():1389] saving file wandb-summary.json with policy end
2024-06-03 20:36:01,993 DEBUG   HandlerThread:86020 [handler.py:handle_request():158] handle_request: partial_history
2024-06-03 20:36:01,993 DEBUG   SenderThread:86020 [sender.py:send():378] send: history
2024-06-03 20:36:01,993 DEBUG   SenderThread:86020 [sender.py:send_request():405] send_request: summary_record
2024-06-03 20:36:01,994 INFO    SenderThread:86020 [sender.py:_save_file():1389] saving file wandb-summary.json with policy end
2024-06-03 20:36:02,003 DEBUG   HandlerThread:86020 [handler.py:handle_request():158] handle_request: partial_history
2024-06-03 20:36:02,004 DEBUG   SenderThread:86020 [sender.py:send():378] send: history
2024-06-03 20:36:02,004 DEBUG   SenderThread:86020 [sender.py:send_request():405] send_request: summary_record
2024-06-03 20:36:02,004 INFO    SenderThread:86020 [sender.py:_save_file():1389] saving file wandb-summary.json with policy end
2024-06-03 20:36:02,014 DEBUG   HandlerThread:86020 [handler.py:handle_request():158] handle_request: partial_history
2024-06-03 20:36:02,015 DEBUG   SenderThread:86020 [sender.py:send():378] send: history
2024-06-03 20:36:02,015 DEBUG   SenderThread:86020 [sender.py:send_request():405] send_request: summary_record
2024-06-03 20:36:02,015 INFO    SenderThread:86020 [sender.py:_save_file():1389] saving file wandb-summary.json with policy end
2024-06-03 20:36:02,032 DEBUG   HandlerThread:86020 [handler.py:handle_request():158] handle_request: partial_history
2024-06-03 20:36:02,033 DEBUG   SenderThread:86020 [sender.py:send():378] send: history
2024-06-03 20:36:02,033 DEBUG   SenderThread:86020 [sender.py:send_request():405] send_request: summary_record
2024-06-03 20:36:02,033 INFO    SenderThread:86020 [sender.py:_save_file():1389] saving file wandb-summary.json with policy end
2024-06-03 20:36:02,044 DEBUG   HandlerThread:86020 [handler.py:handle_request():158] handle_request: partial_history
2024-06-03 20:36:02,047 DEBUG   SenderThread:86020 [sender.py:send():378] send: history
2024-06-03 20:36:02,047 DEBUG   SenderThread:86020 [sender.py:send_request():405] send_request: summary_record
2024-06-03 20:36:02,047 INFO    SenderThread:86020 [sender.py:_save_file():1389] saving file wandb-summary.json with policy end
2024-06-03 20:36:02,062 DEBUG   HandlerThread:86020 [handler.py:handle_request():158] handle_request: partial_history
2024-06-03 20:36:02,063 DEBUG   SenderThread:86020 [sender.py:send():378] send: history
2024-06-03 20:36:02,063 DEBUG   SenderThread:86020 [sender.py:send_request():405] send_request: summary_record
2024-06-03 20:36:02,064 INFO    SenderThread:86020 [sender.py:_save_file():1389] saving file wandb-summary.json with policy end
2024-06-03 20:36:02,073 DEBUG   HandlerThread:86020 [handler.py:handle_request():158] handle_request: partial_history
2024-06-03 20:36:02,074 DEBUG   SenderThread:86020 [sender.py:send():378] send: history
2024-06-03 20:36:02,074 DEBUG   SenderThread:86020 [sender.py:send_request():405] send_request: summary_record
2024-06-03 20:36:02,075 INFO    SenderThread:86020 [sender.py:_save_file():1389] saving file wandb-summary.json with policy end
2024-06-03 20:36:02,095 DEBUG   HandlerThread:86020 [handler.py:handle_request():158] handle_request: partial_history
2024-06-03 20:36:02,095 DEBUG   SenderThread:86020 [sender.py:send():378] send: history
2024-06-03 20:36:02,096 DEBUG   SenderThread:86020 [sender.py:send_request():405] send_request: summary_record
2024-06-03 20:36:02,096 INFO    SenderThread:86020 [sender.py:_save_file():1389] saving file wandb-summary.json with policy end
2024-06-03 20:36:02,112 DEBUG   HandlerThread:86020 [handler.py:handle_request():158] handle_request: partial_history
2024-06-03 20:36:02,113 DEBUG   SenderThread:86020 [sender.py:send():378] send: history
2024-06-03 20:36:02,113 DEBUG   SenderThread:86020 [sender.py:send_request():405] send_request: summary_record
2024-06-03 20:36:02,113 INFO    SenderThread:86020 [sender.py:_save_file():1389] saving file wandb-summary.json with policy end
2024-06-03 20:36:02,117 DEBUG   HandlerThread:86020 [handler.py:handle_request():158] handle_request: partial_history
2024-06-03 20:36:02,118 DEBUG   SenderThread:86020 [sender.py:send():378] send: history
2024-06-03 20:36:02,118 DEBUG   SenderThread:86020 [sender.py:send_request():405] send_request: summary_record
2024-06-03 20:36:02,118 INFO    SenderThread:86020 [sender.py:_save_file():1389] saving file wandb-summary.json with policy end
2024-06-03 20:36:02,125 DEBUG   HandlerThread:86020 [handler.py:handle_request():158] handle_request: partial_history
2024-06-03 20:36:02,125 DEBUG   SenderThread:86020 [sender.py:send():378] send: history
2024-06-03 20:36:02,126 DEBUG   SenderThread:86020 [sender.py:send_request():405] send_request: summary_record
2024-06-03 20:36:02,126 INFO    SenderThread:86020 [sender.py:_save_file():1389] saving file wandb-summary.json with policy end
2024-06-03 20:36:02,143 DEBUG   HandlerThread:86020 [handler.py:handle_request():158] handle_request: partial_history
2024-06-03 20:36:02,144 DEBUG   SenderThread:86020 [sender.py:send():378] send: history
2024-06-03 20:36:02,144 DEBUG   SenderThread:86020 [sender.py:send_request():405] send_request: summary_record
2024-06-03 20:36:02,144 INFO    SenderThread:86020 [sender.py:_save_file():1389] saving file wandb-summary.json with policy end
2024-06-03 20:36:02,172 DEBUG   HandlerThread:86020 [handler.py:handle_request():158] handle_request: partial_history
2024-06-03 20:36:02,172 DEBUG   SenderThread:86020 [sender.py:send():378] send: history
2024-06-03 20:36:02,172 DEBUG   SenderThread:86020 [sender.py:send_request():405] send_request: summary_record
2024-06-03 20:36:02,173 INFO    SenderThread:86020 [sender.py:_save_file():1389] saving file wandb-summary.json with policy end
2024-06-03 20:36:02,180 DEBUG   HandlerThread:86020 [handler.py:handle_request():158] handle_request: partial_history
2024-06-03 20:36:02,180 DEBUG   SenderThread:86020 [sender.py:send():378] send: history
2024-06-03 20:36:02,180 DEBUG   SenderThread:86020 [sender.py:send_request():405] send_request: summary_record
2024-06-03 20:36:02,180 INFO    SenderThread:86020 [sender.py:_save_file():1389] saving file wandb-summary.json with policy end
2024-06-03 20:36:02,196 DEBUG   HandlerThread:86020 [handler.py:handle_request():158] handle_request: partial_history
2024-06-03 20:36:02,196 DEBUG   SenderThread:86020 [sender.py:send():378] send: history
2024-06-03 20:36:02,196 DEBUG   SenderThread:86020 [sender.py:send_request():405] send_request: summary_record
2024-06-03 20:36:02,196 INFO    SenderThread:86020 [sender.py:_save_file():1389] saving file wandb-summary.json with policy end
2024-06-03 20:36:02,206 DEBUG   HandlerThread:86020 [handler.py:handle_request():158] handle_request: partial_history
2024-06-03 20:36:02,206 DEBUG   SenderThread:86020 [sender.py:send():378] send: history
2024-06-03 20:36:02,206 DEBUG   SenderThread:86020 [sender.py:send_request():405] send_request: summary_record
2024-06-03 20:36:02,206 INFO    SenderThread:86020 [sender.py:_save_file():1389] saving file wandb-summary.json with policy end
2024-06-03 20:36:02,213 DEBUG   HandlerThread:86020 [handler.py:handle_request():158] handle_request: partial_history
2024-06-03 20:36:02,213 DEBUG   SenderThread:86020 [sender.py:send():378] send: history
2024-06-03 20:36:02,213 DEBUG   SenderThread:86020 [sender.py:send_request():405] send_request: summary_record
2024-06-03 20:36:02,213 INFO    SenderThread:86020 [sender.py:_save_file():1389] saving file wandb-summary.json with policy end
2024-06-03 20:36:02,229 DEBUG   HandlerThread:86020 [handler.py:handle_request():158] handle_request: partial_history
2024-06-03 20:36:02,230 DEBUG   SenderThread:86020 [sender.py:send():378] send: history
2024-06-03 20:36:02,230 DEBUG   SenderThread:86020 [sender.py:send_request():405] send_request: summary_record
2024-06-03 20:36:02,230 INFO    SenderThread:86020 [sender.py:_save_file():1389] saving file wandb-summary.json with policy end
2024-06-03 20:36:02,237 DEBUG   HandlerThread:86020 [handler.py:handle_request():158] handle_request: partial_history
2024-06-03 20:36:02,237 DEBUG   SenderThread:86020 [sender.py:send():378] send: history
2024-06-03 20:36:02,237 DEBUG   SenderThread:86020 [sender.py:send_request():405] send_request: summary_record
2024-06-03 20:36:02,237 INFO    SenderThread:86020 [sender.py:_save_file():1389] saving file wandb-summary.json with policy end
2024-06-03 20:36:02,248 DEBUG   HandlerThread:86020 [handler.py:handle_request():158] handle_request: partial_history
2024-06-03 20:36:02,248 DEBUG   SenderThread:86020 [sender.py:send():378] send: history
2024-06-03 20:36:02,249 DEBUG   SenderThread:86020 [sender.py:send_request():405] send_request: summary_record
2024-06-03 20:36:02,249 INFO    SenderThread:86020 [sender.py:_save_file():1389] saving file wandb-summary.json with policy end
2024-06-03 20:36:02,258 DEBUG   HandlerThread:86020 [handler.py:handle_request():158] handle_request: partial_history
2024-06-03 20:36:02,258 DEBUG   SenderThread:86020 [sender.py:send():378] send: history
2024-06-03 20:36:02,258 DEBUG   SenderThread:86020 [sender.py:send_request():405] send_request: summary_record
2024-06-03 20:36:02,258 INFO    SenderThread:86020 [sender.py:_save_file():1389] saving file wandb-summary.json with policy end
2024-06-03 20:36:02,264 DEBUG   HandlerThread:86020 [handler.py:handle_request():158] handle_request: partial_history
2024-06-03 20:36:02,264 DEBUG   SenderThread:86020 [sender.py:send():378] send: history
2024-06-03 20:36:02,265 DEBUG   SenderThread:86020 [sender.py:send_request():405] send_request: summary_record
2024-06-03 20:36:02,265 INFO    SenderThread:86020 [sender.py:_save_file():1389] saving file wandb-summary.json with policy end
2024-06-03 20:36:02,279 DEBUG   HandlerThread:86020 [handler.py:handle_request():158] handle_request: partial_history
2024-06-03 20:36:02,280 DEBUG   SenderThread:86020 [sender.py:send():378] send: history
2024-06-03 20:36:02,280 DEBUG   SenderThread:86020 [sender.py:send_request():405] send_request: summary_record
2024-06-03 20:36:02,280 INFO    SenderThread:86020 [sender.py:_save_file():1389] saving file wandb-summary.json with policy end
2024-06-03 20:36:02,284 DEBUG   HandlerThread:86020 [handler.py:handle_request():158] handle_request: partial_history
2024-06-03 20:36:02,285 DEBUG   SenderThread:86020 [sender.py:send():378] send: history
2024-06-03 20:36:02,285 DEBUG   SenderThread:86020 [sender.py:send_request():405] send_request: summary_record
2024-06-03 20:36:02,285 INFO    SenderThread:86020 [sender.py:_save_file():1389] saving file wandb-summary.json with policy end
2024-06-03 20:36:02,290 DEBUG   HandlerThread:86020 [handler.py:handle_request():158] handle_request: partial_history
2024-06-03 20:36:02,291 DEBUG   SenderThread:86020 [sender.py:send():378] send: history
2024-06-03 20:36:02,291 DEBUG   SenderThread:86020 [sender.py:send_request():405] send_request: summary_record
2024-06-03 20:36:02,291 INFO    SenderThread:86020 [sender.py:_save_file():1389] saving file wandb-summary.json with policy end
2024-06-03 20:36:02,297 DEBUG   HandlerThread:86020 [handler.py:handle_request():158] handle_request: partial_history
2024-06-03 20:36:02,297 DEBUG   SenderThread:86020 [sender.py:send():378] send: history
2024-06-03 20:36:02,298 DEBUG   SenderThread:86020 [sender.py:send_request():405] send_request: summary_record
2024-06-03 20:36:02,298 INFO    SenderThread:86020 [sender.py:_save_file():1389] saving file wandb-summary.json with policy end
2024-06-03 20:36:02,306 DEBUG   HandlerThread:86020 [handler.py:handle_request():158] handle_request: partial_history
2024-06-03 20:36:02,306 DEBUG   SenderThread:86020 [sender.py:send():378] send: history
2024-06-03 20:36:02,306 DEBUG   SenderThread:86020 [sender.py:send_request():405] send_request: summary_record
2024-06-03 20:36:02,306 INFO    SenderThread:86020 [sender.py:_save_file():1389] saving file wandb-summary.json with policy end
2024-06-03 20:36:02,313 DEBUG   HandlerThread:86020 [handler.py:handle_request():158] handle_request: partial_history
2024-06-03 20:36:02,313 DEBUG   SenderThread:86020 [sender.py:send():378] send: history
2024-06-03 20:36:02,313 DEBUG   SenderThread:86020 [sender.py:send_request():405] send_request: summary_record
2024-06-03 20:36:02,314 INFO    SenderThread:86020 [sender.py:_save_file():1389] saving file wandb-summary.json with policy end
2024-06-03 20:36:02,320 DEBUG   HandlerThread:86020 [handler.py:handle_request():158] handle_request: partial_history
2024-06-03 20:36:02,320 DEBUG   SenderThread:86020 [sender.py:send():378] send: history
2024-06-03 20:36:02,321 DEBUG   SenderThread:86020 [sender.py:send_request():405] send_request: summary_record
2024-06-03 20:36:02,321 INFO    SenderThread:86020 [sender.py:_save_file():1389] saving file wandb-summary.json with policy end
2024-06-03 20:36:02,334 DEBUG   HandlerThread:86020 [handler.py:handle_request():158] handle_request: partial_history
2024-06-03 20:36:02,334 DEBUG   SenderThread:86020 [sender.py:send():378] send: history
2024-06-03 20:36:02,334 DEBUG   SenderThread:86020 [sender.py:send_request():405] send_request: summary_record
2024-06-03 20:36:02,334 INFO    SenderThread:86020 [sender.py:_save_file():1389] saving file wandb-summary.json with policy end
2024-06-03 20:36:02,344 DEBUG   HandlerThread:86020 [handler.py:handle_request():158] handle_request: partial_history
2024-06-03 20:36:02,344 DEBUG   SenderThread:86020 [sender.py:send():378] send: history
2024-06-03 20:36:02,344 DEBUG   SenderThread:86020 [sender.py:send_request():405] send_request: summary_record
2024-06-03 20:36:02,344 INFO    SenderThread:86020 [sender.py:_save_file():1389] saving file wandb-summary.json with policy end
2024-06-03 20:36:02,349 DEBUG   HandlerThread:86020 [handler.py:handle_request():158] handle_request: partial_history
2024-06-03 20:36:02,349 DEBUG   SenderThread:86020 [sender.py:send():378] send: history
2024-06-03 20:36:02,349 DEBUG   SenderThread:86020 [sender.py:send_request():405] send_request: summary_record
2024-06-03 20:36:02,349 INFO    SenderThread:86020 [sender.py:_save_file():1389] saving file wandb-summary.json with policy end
2024-06-03 20:36:02,358 DEBUG   HandlerThread:86020 [handler.py:handle_request():158] handle_request: partial_history
2024-06-03 20:36:02,358 DEBUG   SenderThread:86020 [sender.py:send():378] send: history
2024-06-03 20:36:02,358 DEBUG   SenderThread:86020 [sender.py:send_request():405] send_request: summary_record
2024-06-03 20:36:02,359 INFO    SenderThread:86020 [sender.py:_save_file():1389] saving file wandb-summary.json with policy end
2024-06-03 20:36:02,370 DEBUG   HandlerThread:86020 [handler.py:handle_request():158] handle_request: partial_history
2024-06-03 20:36:02,370 DEBUG   SenderThread:86020 [sender.py:send():378] send: history
2024-06-03 20:36:02,370 DEBUG   SenderThread:86020 [sender.py:send_request():405] send_request: summary_record
2024-06-03 20:36:02,371 INFO    SenderThread:86020 [sender.py:_save_file():1389] saving file wandb-summary.json with policy end
2024-06-03 20:36:02,377 DEBUG   HandlerThread:86020 [handler.py:handle_request():158] handle_request: partial_history
2024-06-03 20:36:02,377 DEBUG   SenderThread:86020 [sender.py:send():378] send: history
2024-06-03 20:36:02,377 DEBUG   SenderThread:86020 [sender.py:send_request():405] send_request: summary_record
2024-06-03 20:36:02,377 INFO    SenderThread:86020 [sender.py:_save_file():1389] saving file wandb-summary.json with policy end
2024-06-03 20:36:02,439 DEBUG   HandlerThread:86020 [handler.py:handle_request():158] handle_request: partial_history
2024-06-03 20:36:02,439 DEBUG   SenderThread:86020 [sender.py:send():378] send: history
2024-06-03 20:36:02,440 DEBUG   SenderThread:86020 [sender.py:send_request():405] send_request: summary_record
2024-06-03 20:36:02,440 INFO    SenderThread:86020 [sender.py:_save_file():1389] saving file wandb-summary.json with policy end
2024-06-03 20:36:02,446 DEBUG   HandlerThread:86020 [handler.py:handle_request():158] handle_request: partial_history
2024-06-03 20:36:02,447 DEBUG   SenderThread:86020 [sender.py:send():378] send: history
2024-06-03 20:36:02,447 DEBUG   SenderThread:86020 [sender.py:send_request():405] send_request: summary_record
2024-06-03 20:36:02,447 INFO    SenderThread:86020 [sender.py:_save_file():1389] saving file wandb-summary.json with policy end
2024-06-03 20:36:02,460 DEBUG   HandlerThread:86020 [handler.py:handle_request():158] handle_request: partial_history
2024-06-03 20:36:02,461 DEBUG   SenderThread:86020 [sender.py:send():378] send: history
2024-06-03 20:36:02,461 DEBUG   SenderThread:86020 [sender.py:send_request():405] send_request: summary_record
2024-06-03 20:36:02,461 INFO    SenderThread:86020 [sender.py:_save_file():1389] saving file wandb-summary.json with policy end
2024-06-03 20:36:02,474 DEBUG   HandlerThread:86020 [handler.py:handle_request():158] handle_request: partial_history
2024-06-03 20:36:02,475 DEBUG   SenderThread:86020 [sender.py:send():378] send: history
2024-06-03 20:36:02,475 DEBUG   SenderThread:86020 [sender.py:send_request():405] send_request: summary_record
2024-06-03 20:36:02,475 INFO    SenderThread:86020 [sender.py:_save_file():1389] saving file wandb-summary.json with policy end
2024-06-03 20:36:02,483 DEBUG   HandlerThread:86020 [handler.py:handle_request():158] handle_request: partial_history
2024-06-03 20:36:02,483 DEBUG   SenderThread:86020 [sender.py:send():378] send: history
2024-06-03 20:36:02,483 DEBUG   SenderThread:86020 [sender.py:send_request():405] send_request: summary_record
2024-06-03 20:36:02,483 INFO    SenderThread:86020 [sender.py:_save_file():1389] saving file wandb-summary.json with policy end
2024-06-03 20:36:02,492 DEBUG   HandlerThread:86020 [handler.py:handle_request():158] handle_request: partial_history
2024-06-03 20:36:02,492 DEBUG   SenderThread:86020 [sender.py:send():378] send: history
2024-06-03 20:36:02,492 DEBUG   SenderThread:86020 [sender.py:send_request():405] send_request: summary_record
2024-06-03 20:36:02,493 INFO    SenderThread:86020 [sender.py:_save_file():1389] saving file wandb-summary.json with policy end
2024-06-03 20:36:02,508 DEBUG   HandlerThread:86020 [handler.py:handle_request():158] handle_request: partial_history
2024-06-03 20:36:02,509 DEBUG   SenderThread:86020 [sender.py:send():378] send: history
2024-06-03 20:36:02,509 DEBUG   SenderThread:86020 [sender.py:send_request():405] send_request: summary_record
2024-06-03 20:36:02,509 INFO    SenderThread:86020 [sender.py:_save_file():1389] saving file wandb-summary.json with policy end
2024-06-03 20:36:02,530 DEBUG   HandlerThread:86020 [handler.py:handle_request():158] handle_request: partial_history
2024-06-03 20:36:02,530 DEBUG   SenderThread:86020 [sender.py:send():378] send: history
2024-06-03 20:36:02,530 DEBUG   SenderThread:86020 [sender.py:send_request():405] send_request: summary_record
2024-06-03 20:36:02,530 INFO    SenderThread:86020 [sender.py:_save_file():1389] saving file wandb-summary.json with policy end
2024-06-03 20:36:02,535 DEBUG   HandlerThread:86020 [handler.py:handle_request():158] handle_request: partial_history
2024-06-03 20:36:02,535 DEBUG   SenderThread:86020 [sender.py:send():378] send: history
2024-06-03 20:36:02,535 DEBUG   SenderThread:86020 [sender.py:send_request():405] send_request: summary_record
2024-06-03 20:36:02,535 INFO    SenderThread:86020 [sender.py:_save_file():1389] saving file wandb-summary.json with policy end
2024-06-03 20:36:02,545 DEBUG   HandlerThread:86020 [handler.py:handle_request():158] handle_request: partial_history
2024-06-03 20:36:02,546 DEBUG   SenderThread:86020 [sender.py:send():378] send: history
2024-06-03 20:36:02,546 DEBUG   SenderThread:86020 [sender.py:send_request():405] send_request: summary_record
2024-06-03 20:36:02,546 INFO    SenderThread:86020 [sender.py:_save_file():1389] saving file wandb-summary.json with policy end
2024-06-03 20:36:02,562 DEBUG   HandlerThread:86020 [handler.py:handle_request():158] handle_request: partial_history
2024-06-03 20:36:02,562 DEBUG   SenderThread:86020 [sender.py:send():378] send: history
2024-06-03 20:36:02,562 DEBUG   SenderThread:86020 [sender.py:send_request():405] send_request: summary_record
2024-06-03 20:36:02,562 INFO    SenderThread:86020 [sender.py:_save_file():1389] saving file wandb-summary.json with policy end
2024-06-03 20:36:02,568 DEBUG   HandlerThread:86020 [handler.py:handle_request():158] handle_request: partial_history
2024-06-03 20:36:02,568 DEBUG   SenderThread:86020 [sender.py:send():378] send: history
2024-06-03 20:36:02,568 DEBUG   SenderThread:86020 [sender.py:send_request():405] send_request: summary_record
2024-06-03 20:36:02,569 INFO    SenderThread:86020 [sender.py:_save_file():1389] saving file wandb-summary.json with policy end
2024-06-03 20:36:02,587 DEBUG   HandlerThread:86020 [handler.py:handle_request():158] handle_request: partial_history
2024-06-03 20:36:02,588 DEBUG   SenderThread:86020 [sender.py:send():378] send: history
2024-06-03 20:36:02,588 DEBUG   SenderThread:86020 [sender.py:send_request():405] send_request: summary_record
2024-06-03 20:36:02,588 INFO    SenderThread:86020 [sender.py:_save_file():1389] saving file wandb-summary.json with policy end
2024-06-03 20:36:02,593 DEBUG   HandlerThread:86020 [handler.py:handle_request():158] handle_request: partial_history
2024-06-03 20:36:02,594 DEBUG   SenderThread:86020 [sender.py:send():378] send: history
2024-06-03 20:36:02,594 DEBUG   SenderThread:86020 [sender.py:send_request():405] send_request: summary_record
2024-06-03 20:36:02,594 INFO    SenderThread:86020 [sender.py:_save_file():1389] saving file wandb-summary.json with policy end
2024-06-03 20:36:02,599 DEBUG   HandlerThread:86020 [handler.py:handle_request():158] handle_request: partial_history
2024-06-03 20:36:02,599 DEBUG   SenderThread:86020 [sender.py:send():378] send: history
2024-06-03 20:36:02,599 DEBUG   SenderThread:86020 [sender.py:send_request():405] send_request: summary_record
2024-06-03 20:36:02,600 INFO    SenderThread:86020 [sender.py:_save_file():1389] saving file wandb-summary.json with policy end
2024-06-03 20:36:02,610 DEBUG   HandlerThread:86020 [handler.py:handle_request():158] handle_request: partial_history
2024-06-03 20:36:02,610 DEBUG   SenderThread:86020 [sender.py:send():378] send: history
2024-06-03 20:36:02,610 DEBUG   SenderThread:86020 [sender.py:send_request():405] send_request: summary_record
2024-06-03 20:36:02,610 INFO    SenderThread:86020 [sender.py:_save_file():1389] saving file wandb-summary.json with policy end
2024-06-03 20:36:02,616 DEBUG   HandlerThread:86020 [handler.py:handle_request():158] handle_request: partial_history
2024-06-03 20:36:02,617 DEBUG   SenderThread:86020 [sender.py:send():378] send: history
2024-06-03 20:36:02,617 DEBUG   SenderThread:86020 [sender.py:send_request():405] send_request: summary_record
2024-06-03 20:36:02,617 INFO    SenderThread:86020 [sender.py:_save_file():1389] saving file wandb-summary.json with policy end
2024-06-03 20:36:02,628 DEBUG   HandlerThread:86020 [handler.py:handle_request():158] handle_request: partial_history
2024-06-03 20:36:02,629 DEBUG   SenderThread:86020 [sender.py:send():378] send: history
2024-06-03 20:36:02,629 DEBUG   SenderThread:86020 [sender.py:send_request():405] send_request: summary_record
2024-06-03 20:36:02,629 INFO    SenderThread:86020 [sender.py:_save_file():1389] saving file wandb-summary.json with policy end
2024-06-03 20:36:02,645 DEBUG   HandlerThread:86020 [handler.py:handle_request():158] handle_request: partial_history
2024-06-03 20:36:02,645 DEBUG   SenderThread:86020 [sender.py:send():378] send: history
2024-06-03 20:36:02,645 DEBUG   SenderThread:86020 [sender.py:send_request():405] send_request: summary_record
2024-06-03 20:36:02,645 INFO    SenderThread:86020 [sender.py:_save_file():1389] saving file wandb-summary.json with policy end
2024-06-03 20:36:02,654 DEBUG   HandlerThread:86020 [handler.py:handle_request():158] handle_request: partial_history
2024-06-03 20:36:02,654 DEBUG   SenderThread:86020 [sender.py:send():378] send: history
2024-06-03 20:36:02,654 DEBUG   SenderThread:86020 [sender.py:send_request():405] send_request: summary_record
2024-06-03 20:36:02,654 INFO    SenderThread:86020 [sender.py:_save_file():1389] saving file wandb-summary.json with policy end
2024-06-03 20:36:02,661 DEBUG   HandlerThread:86020 [handler.py:handle_request():158] handle_request: partial_history
2024-06-03 20:36:02,661 DEBUG   SenderThread:86020 [sender.py:send():378] send: history
2024-06-03 20:36:02,661 DEBUG   SenderThread:86020 [sender.py:send_request():405] send_request: summary_record
2024-06-03 20:36:02,661 INFO    SenderThread:86020 [sender.py:_save_file():1389] saving file wandb-summary.json with policy end
2024-06-03 20:36:02,668 DEBUG   HandlerThread:86020 [handler.py:handle_request():158] handle_request: partial_history
2024-06-03 20:36:02,668 DEBUG   SenderThread:86020 [sender.py:send():378] send: history
2024-06-03 20:36:02,668 DEBUG   SenderThread:86020 [sender.py:send_request():405] send_request: summary_record
2024-06-03 20:36:02,668 INFO    SenderThread:86020 [sender.py:_save_file():1389] saving file wandb-summary.json with policy end
2024-06-03 20:36:02,674 DEBUG   HandlerThread:86020 [handler.py:handle_request():158] handle_request: partial_history
2024-06-03 20:36:02,675 DEBUG   SenderThread:86020 [sender.py:send():378] send: history
2024-06-03 20:36:02,675 DEBUG   SenderThread:86020 [sender.py:send_request():405] send_request: summary_record
2024-06-03 20:36:02,675 INFO    SenderThread:86020 [sender.py:_save_file():1389] saving file wandb-summary.json with policy end
2024-06-03 20:36:02,684 DEBUG   HandlerThread:86020 [handler.py:handle_request():158] handle_request: partial_history
2024-06-03 20:36:02,685 DEBUG   SenderThread:86020 [sender.py:send():378] send: history
2024-06-03 20:36:02,685 DEBUG   SenderThread:86020 [sender.py:send_request():405] send_request: summary_record
2024-06-03 20:36:02,685 INFO    SenderThread:86020 [sender.py:_save_file():1389] saving file wandb-summary.json with policy end
2024-06-03 20:36:02,694 DEBUG   HandlerThread:86020 [handler.py:handle_request():158] handle_request: partial_history
2024-06-03 20:36:02,694 DEBUG   SenderThread:86020 [sender.py:send():378] send: history
2024-06-03 20:36:02,694 DEBUG   SenderThread:86020 [sender.py:send_request():405] send_request: summary_record
2024-06-03 20:36:02,695 INFO    SenderThread:86020 [sender.py:_save_file():1389] saving file wandb-summary.json with policy end
2024-06-03 20:36:02,705 DEBUG   HandlerThread:86020 [handler.py:handle_request():158] handle_request: partial_history
2024-06-03 20:36:02,705 DEBUG   SenderThread:86020 [sender.py:send():378] send: history
2024-06-03 20:36:02,705 DEBUG   SenderThread:86020 [sender.py:send_request():405] send_request: summary_record
2024-06-03 20:36:02,705 INFO    SenderThread:86020 [sender.py:_save_file():1389] saving file wandb-summary.json with policy end
2024-06-03 20:36:02,713 DEBUG   HandlerThread:86020 [handler.py:handle_request():158] handle_request: partial_history
2024-06-03 20:36:02,713 DEBUG   SenderThread:86020 [sender.py:send():378] send: history
2024-06-03 20:36:02,713 DEBUG   SenderThread:86020 [sender.py:send_request():405] send_request: summary_record
2024-06-03 20:36:02,713 INFO    SenderThread:86020 [sender.py:_save_file():1389] saving file wandb-summary.json with policy end
2024-06-03 20:36:02,720 DEBUG   HandlerThread:86020 [handler.py:handle_request():158] handle_request: partial_history
2024-06-03 20:36:02,721 DEBUG   SenderThread:86020 [sender.py:send():378] send: history
2024-06-03 20:36:02,721 DEBUG   SenderThread:86020 [sender.py:send_request():405] send_request: summary_record
2024-06-03 20:36:02,721 INFO    SenderThread:86020 [sender.py:_save_file():1389] saving file wandb-summary.json with policy end
2024-06-03 20:36:02,734 DEBUG   HandlerThread:86020 [handler.py:handle_request():158] handle_request: partial_history
2024-06-03 20:36:02,734 DEBUG   SenderThread:86020 [sender.py:send():378] send: history
2024-06-03 20:36:02,734 DEBUG   SenderThread:86020 [sender.py:send_request():405] send_request: summary_record
2024-06-03 20:36:02,734 INFO    SenderThread:86020 [sender.py:_save_file():1389] saving file wandb-summary.json with policy end
2024-06-03 20:36:02,757 DEBUG   HandlerThread:86020 [handler.py:handle_request():158] handle_request: partial_history
2024-06-03 20:36:02,757 DEBUG   SenderThread:86020 [sender.py:send():378] send: history
2024-06-03 20:36:02,757 DEBUG   SenderThread:86020 [sender.py:send_request():405] send_request: summary_record
2024-06-03 20:36:02,757 INFO    SenderThread:86020 [sender.py:_save_file():1389] saving file wandb-summary.json with policy end
2024-06-03 20:36:02,769 DEBUG   HandlerThread:86020 [handler.py:handle_request():158] handle_request: partial_history
2024-06-03 20:36:02,769 DEBUG   SenderThread:86020 [sender.py:send():378] send: history
2024-06-03 20:36:02,769 DEBUG   SenderThread:86020 [sender.py:send_request():405] send_request: summary_record
2024-06-03 20:36:02,769 INFO    Thread-12 :86020 [dir_watcher.py:_on_file_created():271] file/dir created: /Users/dakotachang/wandb_testing/wandb/run-20240603_203451-lopdxnzu/files/wandb-summary.json
2024-06-03 20:36:02,769 INFO    SenderThread:86020 [sender.py:_save_file():1389] saving file wandb-summary.json with policy end
2024-06-03 20:36:02,783 DEBUG   HandlerThread:86020 [handler.py:handle_request():158] handle_request: partial_history
2024-06-03 20:36:02,783 DEBUG   SenderThread:86020 [sender.py:send():378] send: history
2024-06-03 20:36:02,783 DEBUG   SenderThread:86020 [sender.py:send_request():405] send_request: summary_record
2024-06-03 20:36:02,783 INFO    SenderThread:86020 [sender.py:_save_file():1389] saving file wandb-summary.json with policy end
2024-06-03 20:36:02,806 DEBUG   HandlerThread:86020 [handler.py:handle_request():158] handle_request: partial_history
2024-06-03 20:36:02,807 DEBUG   SenderThread:86020 [sender.py:send():378] send: history
2024-06-03 20:36:02,807 DEBUG   SenderThread:86020 [sender.py:send_request():405] send_request: summary_record
2024-06-03 20:36:02,807 INFO    SenderThread:86020 [sender.py:_save_file():1389] saving file wandb-summary.json with policy end
2024-06-03 20:36:02,821 DEBUG   HandlerThread:86020 [handler.py:handle_request():158] handle_request: partial_history
2024-06-03 20:36:02,821 DEBUG   SenderThread:86020 [sender.py:send():378] send: history
2024-06-03 20:36:02,821 DEBUG   SenderThread:86020 [sender.py:send_request():405] send_request: summary_record
2024-06-03 20:36:02,821 INFO    SenderThread:86020 [sender.py:_save_file():1389] saving file wandb-summary.json with policy end
2024-06-03 20:36:02,828 DEBUG   HandlerThread:86020 [handler.py:handle_request():158] handle_request: partial_history
2024-06-03 20:36:02,829 DEBUG   SenderThread:86020 [sender.py:send():378] send: history
2024-06-03 20:36:02,829 DEBUG   SenderThread:86020 [sender.py:send_request():405] send_request: summary_record
2024-06-03 20:36:02,829 INFO    SenderThread:86020 [sender.py:_save_file():1389] saving file wandb-summary.json with policy end
2024-06-03 20:36:02,857 DEBUG   HandlerThread:86020 [handler.py:handle_request():158] handle_request: partial_history
2024-06-03 20:36:02,857 DEBUG   SenderThread:86020 [sender.py:send():378] send: history
2024-06-03 20:36:02,857 DEBUG   SenderThread:86020 [sender.py:send_request():405] send_request: summary_record
2024-06-03 20:36:02,857 INFO    SenderThread:86020 [sender.py:_save_file():1389] saving file wandb-summary.json with policy end
2024-06-03 20:36:02,869 DEBUG   HandlerThread:86020 [handler.py:handle_request():158] handle_request: partial_history
2024-06-03 20:36:02,869 DEBUG   SenderThread:86020 [sender.py:send():378] send: history
2024-06-03 20:36:02,869 DEBUG   SenderThread:86020 [sender.py:send_request():405] send_request: summary_record
2024-06-03 20:36:02,869 INFO    SenderThread:86020 [sender.py:_save_file():1389] saving file wandb-summary.json with policy end
2024-06-03 20:36:02,879 DEBUG   HandlerThread:86020 [handler.py:handle_request():158] handle_request: partial_history
2024-06-03 20:36:02,880 DEBUG   SenderThread:86020 [sender.py:send():378] send: history
2024-06-03 20:36:02,880 DEBUG   SenderThread:86020 [sender.py:send_request():405] send_request: summary_record
2024-06-03 20:36:02,880 INFO    SenderThread:86020 [sender.py:_save_file():1389] saving file wandb-summary.json with policy end
2024-06-03 20:36:02,909 DEBUG   HandlerThread:86020 [handler.py:handle_request():158] handle_request: partial_history
2024-06-03 20:36:02,910 DEBUG   SenderThread:86020 [sender.py:send():378] send: history
2024-06-03 20:36:02,910 DEBUG   SenderThread:86020 [sender.py:send_request():405] send_request: summary_record
2024-06-03 20:36:02,910 INFO    SenderThread:86020 [sender.py:_save_file():1389] saving file wandb-summary.json with policy end
2024-06-03 20:36:02,917 DEBUG   HandlerThread:86020 [handler.py:handle_request():158] handle_request: partial_history
2024-06-03 20:36:02,918 DEBUG   SenderThread:86020 [sender.py:send():378] send: history
2024-06-03 20:36:02,918 DEBUG   SenderThread:86020 [sender.py:send_request():405] send_request: summary_record
2024-06-03 20:36:02,918 INFO    SenderThread:86020 [sender.py:_save_file():1389] saving file wandb-summary.json with policy end
2024-06-03 20:36:02,924 DEBUG   HandlerThread:86020 [handler.py:handle_request():158] handle_request: partial_history
2024-06-03 20:36:02,925 DEBUG   SenderThread:86020 [sender.py:send():378] send: history
2024-06-03 20:36:02,925 DEBUG   SenderThread:86020 [sender.py:send_request():405] send_request: summary_record
2024-06-03 20:36:02,925 INFO    SenderThread:86020 [sender.py:_save_file():1389] saving file wandb-summary.json with policy end
2024-06-03 20:36:02,936 DEBUG   HandlerThread:86020 [handler.py:handle_request():158] handle_request: partial_history
2024-06-03 20:36:02,936 DEBUG   SenderThread:86020 [sender.py:send():378] send: history
2024-06-03 20:36:02,937 DEBUG   SenderThread:86020 [sender.py:send_request():405] send_request: summary_record
2024-06-03 20:36:02,937 INFO    SenderThread:86020 [sender.py:_save_file():1389] saving file wandb-summary.json with policy end
2024-06-03 20:36:02,947 DEBUG   HandlerThread:86020 [handler.py:handle_request():158] handle_request: partial_history
2024-06-03 20:36:02,947 DEBUG   SenderThread:86020 [sender.py:send():378] send: history
2024-06-03 20:36:02,948 DEBUG   SenderThread:86020 [sender.py:send_request():405] send_request: summary_record
2024-06-03 20:36:02,948 INFO    SenderThread:86020 [sender.py:_save_file():1389] saving file wandb-summary.json with policy end
2024-06-03 20:36:02,986 DEBUG   HandlerThread:86020 [handler.py:handle_request():158] handle_request: partial_history
2024-06-03 20:36:02,987 DEBUG   SenderThread:86020 [sender.py:send():378] send: history
2024-06-03 20:36:02,987 DEBUG   SenderThread:86020 [sender.py:send_request():405] send_request: summary_record
2024-06-03 20:36:02,987 INFO    SenderThread:86020 [sender.py:_save_file():1389] saving file wandb-summary.json with policy end
2024-06-03 20:36:03,022 DEBUG   HandlerThread:86020 [handler.py:handle_request():158] handle_request: partial_history
2024-06-03 20:36:03,022 DEBUG   SenderThread:86020 [sender.py:send():378] send: history
2024-06-03 20:36:03,022 DEBUG   SenderThread:86020 [sender.py:send_request():405] send_request: summary_record
2024-06-03 20:36:03,022 INFO    SenderThread:86020 [sender.py:_save_file():1389] saving file wandb-summary.json with policy end
2024-06-03 20:36:03,078 DEBUG   HandlerThread:86020 [handler.py:handle_request():158] handle_request: partial_history
2024-06-03 20:36:03,079 DEBUG   SenderThread:86020 [sender.py:send():378] send: history
2024-06-03 20:36:03,079 DEBUG   SenderThread:86020 [sender.py:send_request():405] send_request: summary_record
2024-06-03 20:36:03,079 INFO    SenderThread:86020 [sender.py:_save_file():1389] saving file wandb-summary.json with policy end
2024-06-03 20:36:03,086 DEBUG   HandlerThread:86020 [handler.py:handle_request():158] handle_request: partial_history
2024-06-03 20:36:03,086 DEBUG   SenderThread:86020 [sender.py:send():378] send: history
2024-06-03 20:36:03,086 DEBUG   SenderThread:86020 [sender.py:send_request():405] send_request: summary_record
2024-06-03 20:36:03,086 INFO    SenderThread:86020 [sender.py:_save_file():1389] saving file wandb-summary.json with policy end
2024-06-03 20:36:03,106 DEBUG   HandlerThread:86020 [handler.py:handle_request():158] handle_request: partial_history
2024-06-03 20:36:03,106 DEBUG   SenderThread:86020 [sender.py:send():378] send: history
2024-06-03 20:36:03,107 DEBUG   SenderThread:86020 [sender.py:send_request():405] send_request: summary_record
2024-06-03 20:36:03,107 INFO    SenderThread:86020 [sender.py:_save_file():1389] saving file wandb-summary.json with policy end
2024-06-03 20:36:03,136 DEBUG   HandlerThread:86020 [handler.py:handle_request():158] handle_request: partial_history
2024-06-03 20:36:03,137 DEBUG   SenderThread:86020 [sender.py:send():378] send: history
2024-06-03 20:36:03,137 DEBUG   SenderThread:86020 [sender.py:send_request():405] send_request: summary_record
2024-06-03 20:36:03,137 INFO    SenderThread:86020 [sender.py:_save_file():1389] saving file wandb-summary.json with policy end
2024-06-03 20:36:03,176 DEBUG   HandlerThread:86020 [handler.py:handle_request():158] handle_request: partial_history
2024-06-03 20:36:03,176 DEBUG   SenderThread:86020 [sender.py:send():378] send: history
2024-06-03 20:36:03,176 DEBUG   SenderThread:86020 [sender.py:send_request():405] send_request: summary_record
2024-06-03 20:36:03,177 INFO    SenderThread:86020 [sender.py:_save_file():1389] saving file wandb-summary.json with policy end
2024-06-03 20:36:03,193 DEBUG   HandlerThread:86020 [handler.py:handle_request():158] handle_request: partial_history
2024-06-03 20:36:03,193 DEBUG   SenderThread:86020 [sender.py:send():378] send: history
2024-06-03 20:36:03,193 DEBUG   SenderThread:86020 [sender.py:send_request():405] send_request: summary_record
2024-06-03 20:36:03,193 INFO    SenderThread:86020 [sender.py:_save_file():1389] saving file wandb-summary.json with policy end
2024-06-03 20:36:03,218 DEBUG   HandlerThread:86020 [handler.py:handle_request():158] handle_request: partial_history
2024-06-03 20:36:03,219 DEBUG   SenderThread:86020 [sender.py:send():378] send: history
2024-06-03 20:36:03,219 DEBUG   SenderThread:86020 [sender.py:send_request():405] send_request: summary_record
2024-06-03 20:36:03,219 INFO    SenderThread:86020 [sender.py:_save_file():1389] saving file wandb-summary.json with policy end
2024-06-03 20:36:03,265 DEBUG   HandlerThread:86020 [handler.py:handle_request():158] handle_request: partial_history
2024-06-03 20:36:03,265 DEBUG   SenderThread:86020 [sender.py:send():378] send: history
2024-06-03 20:36:03,265 DEBUG   SenderThread:86020 [sender.py:send_request():405] send_request: summary_record
2024-06-03 20:36:03,266 INFO    SenderThread:86020 [sender.py:_save_file():1389] saving file wandb-summary.json with policy end
2024-06-03 20:36:03,272 DEBUG   HandlerThread:86020 [handler.py:handle_request():158] handle_request: partial_history
2024-06-03 20:36:03,273 DEBUG   SenderThread:86020 [sender.py:send():378] send: history
2024-06-03 20:36:03,273 DEBUG   SenderThread:86020 [sender.py:send_request():405] send_request: summary_record
2024-06-03 20:36:03,273 INFO    SenderThread:86020 [sender.py:_save_file():1389] saving file wandb-summary.json with policy end
2024-06-03 20:36:03,317 DEBUG   HandlerThread:86020 [handler.py:handle_request():158] handle_request: partial_history
2024-06-03 20:36:03,318 DEBUG   SenderThread:86020 [sender.py:send():378] send: history
2024-06-03 20:36:03,318 DEBUG   SenderThread:86020 [sender.py:send_request():405] send_request: summary_record
2024-06-03 20:36:03,318 INFO    SenderThread:86020 [sender.py:_save_file():1389] saving file wandb-summary.json with policy end
2024-06-03 20:36:03,353 DEBUG   HandlerThread:86020 [handler.py:handle_request():158] handle_request: partial_history
2024-06-03 20:36:03,353 DEBUG   SenderThread:86020 [sender.py:send():378] send: history
2024-06-03 20:36:03,354 DEBUG   SenderThread:86020 [sender.py:send_request():405] send_request: summary_record
2024-06-03 20:36:03,354 INFO    SenderThread:86020 [sender.py:_save_file():1389] saving file wandb-summary.json with policy end
2024-06-03 20:36:03,389 DEBUG   HandlerThread:86020 [handler.py:handle_request():158] handle_request: partial_history
2024-06-03 20:36:03,389 DEBUG   SenderThread:86020 [sender.py:send():378] send: history
2024-06-03 20:36:03,389 DEBUG   SenderThread:86020 [sender.py:send_request():405] send_request: summary_record
2024-06-03 20:36:03,389 INFO    SenderThread:86020 [sender.py:_save_file():1389] saving file wandb-summary.json with policy end
2024-06-03 20:36:03,405 DEBUG   HandlerThread:86020 [handler.py:handle_request():158] handle_request: partial_history
2024-06-03 20:36:03,406 DEBUG   SenderThread:86020 [sender.py:send():378] send: history
2024-06-03 20:36:03,406 DEBUG   SenderThread:86020 [sender.py:send_request():405] send_request: summary_record
2024-06-03 20:36:03,406 INFO    SenderThread:86020 [sender.py:_save_file():1389] saving file wandb-summary.json with policy end
2024-06-03 20:36:03,450 DEBUG   HandlerThread:86020 [handler.py:handle_request():158] handle_request: partial_history
2024-06-03 20:36:03,451 DEBUG   SenderThread:86020 [sender.py:send():378] send: history
2024-06-03 20:36:03,451 DEBUG   SenderThread:86020 [sender.py:send_request():405] send_request: summary_record
2024-06-03 20:36:03,451 INFO    SenderThread:86020 [sender.py:_save_file():1389] saving file wandb-summary.json with policy end
2024-06-03 20:36:03,496 DEBUG   HandlerThread:86020 [handler.py:handle_request():158] handle_request: partial_history
2024-06-03 20:36:03,496 DEBUG   SenderThread:86020 [sender.py:send():378] send: history
2024-06-03 20:36:03,496 DEBUG   SenderThread:86020 [sender.py:send_request():405] send_request: summary_record
2024-06-03 20:36:03,497 INFO    SenderThread:86020 [sender.py:_save_file():1389] saving file wandb-summary.json with policy end
2024-06-03 20:36:03,509 DEBUG   HandlerThread:86020 [handler.py:handle_request():158] handle_request: partial_history
2024-06-03 20:36:03,509 DEBUG   SenderThread:86020 [sender.py:send():378] send: history
2024-06-03 20:36:03,509 DEBUG   SenderThread:86020 [sender.py:send_request():405] send_request: summary_record
2024-06-03 20:36:03,510 INFO    SenderThread:86020 [sender.py:_save_file():1389] saving file wandb-summary.json with policy end
2024-06-03 20:36:03,510 DEBUG   SenderThread:86020 [sender.py:send():378] send: telemetry
2024-06-03 20:36:03,510 DEBUG   SenderThread:86020 [sender.py:send():378] send: exit
2024-06-03 20:36:03,510 INFO    SenderThread:86020 [sender.py:send_exit():585] handling exit code: 0
2024-06-03 20:36:03,510 INFO    SenderThread:86020 [sender.py:send_exit():587] handling runtime: 6
2024-06-03 20:36:03,510 INFO    SenderThread:86020 [sender.py:_save_file():1389] saving file wandb-summary.json with policy end
2024-06-03 20:36:03,510 INFO    SenderThread:86020 [sender.py:send_exit():593] send defer
2024-06-03 20:36:03,511 DEBUG   HandlerThread:86020 [handler.py:handle_request():158] handle_request: defer
2024-06-03 20:36:03,511 INFO    HandlerThread:86020 [handler.py:handle_request_defer():184] handle defer: 0
2024-06-03 20:36:03,511 DEBUG   SenderThread:86020 [sender.py:send_request():405] send_request: defer
2024-06-03 20:36:03,511 INFO    SenderThread:86020 [sender.py:send_request_defer():609] handle sender defer: 0
2024-06-03 20:36:03,511 INFO    SenderThread:86020 [sender.py:transition_state():613] send defer: 1
2024-06-03 20:36:03,511 DEBUG   HandlerThread:86020 [handler.py:handle_request():158] handle_request: defer
2024-06-03 20:36:03,511 INFO    HandlerThread:86020 [handler.py:handle_request_defer():184] handle defer: 1
2024-06-03 20:36:03,511 DEBUG   SenderThread:86020 [sender.py:send_request():405] send_request: defer
2024-06-03 20:36:03,511 INFO    SenderThread:86020 [sender.py:send_request_defer():609] handle sender defer: 1
2024-06-03 20:36:03,511 INFO    SenderThread:86020 [sender.py:transition_state():613] send defer: 2
2024-06-03 20:36:03,511 DEBUG   HandlerThread:86020 [handler.py:handle_request():158] handle_request: defer
2024-06-03 20:36:03,511 INFO    HandlerThread:86020 [handler.py:handle_request_defer():184] handle defer: 2
2024-06-03 20:36:03,511 INFO    HandlerThread:86020 [system_monitor.py:finish():203] Stopping system monitor
2024-06-03 20:36:03,511 DEBUG   SystemMonitor:86020 [system_monitor.py:_start():172] Starting system metrics aggregation loop
2024-06-03 20:36:03,511 DEBUG   SystemMonitor:86020 [system_monitor.py:_start():179] Finished system metrics aggregation loop
2024-06-03 20:36:03,511 DEBUG   SystemMonitor:86020 [system_monitor.py:_start():183] Publishing last batch of metrics
2024-06-03 20:36:03,511 INFO    HandlerThread:86020 [interfaces.py:finish():200] Joined cpu monitor
2024-06-03 20:36:03,511 INFO    HandlerThread:86020 [interfaces.py:finish():200] Joined disk monitor
2024-06-03 20:36:03,511 INFO    HandlerThread:86020 [interfaces.py:finish():200] Joined gpuapple monitor
2024-06-03 20:36:03,511 INFO    HandlerThread:86020 [interfaces.py:finish():200] Joined memory monitor
2024-06-03 20:36:03,511 INFO    HandlerThread:86020 [interfaces.py:finish():200] Joined network monitor
2024-06-03 20:36:03,511 DEBUG   SenderThread:86020 [sender.py:send_request():405] send_request: defer
2024-06-03 20:36:03,512 INFO    SenderThread:86020 [sender.py:send_request_defer():609] handle sender defer: 2
2024-06-03 20:36:03,512 INFO    SenderThread:86020 [sender.py:transition_state():613] send defer: 3
2024-06-03 20:36:03,512 DEBUG   SenderThread:86020 [sender.py:send():378] send: telemetry
2024-06-03 20:36:03,512 DEBUG   HandlerThread:86020 [handler.py:handle_request():158] handle_request: defer
2024-06-03 20:36:03,512 INFO    HandlerThread:86020 [handler.py:handle_request_defer():184] handle defer: 3
2024-06-03 20:36:03,512 DEBUG   SenderThread:86020 [sender.py:send_request():405] send_request: defer
2024-06-03 20:36:03,512 INFO    SenderThread:86020 [sender.py:send_request_defer():609] handle sender defer: 3
2024-06-03 20:36:03,512 INFO    SenderThread:86020 [sender.py:transition_state():613] send defer: 4
2024-06-03 20:36:03,512 DEBUG   HandlerThread:86020 [handler.py:handle_request():158] handle_request: defer
2024-06-03 20:36:03,512 INFO    HandlerThread:86020 [handler.py:handle_request_defer():184] handle defer: 4
2024-06-03 20:36:03,512 DEBUG   SenderThread:86020 [sender.py:send_request():405] send_request: defer
2024-06-03 20:36:03,512 INFO    SenderThread:86020 [sender.py:send_request_defer():609] handle sender defer: 4
2024-06-03 20:36:03,512 INFO    SenderThread:86020 [sender.py:transition_state():613] send defer: 5
2024-06-03 20:36:03,512 DEBUG   HandlerThread:86020 [handler.py:handle_request():158] handle_request: defer
2024-06-03 20:36:03,512 INFO    HandlerThread:86020 [handler.py:handle_request_defer():184] handle defer: 5
2024-06-03 20:36:03,512 DEBUG   SenderThread:86020 [sender.py:send():378] send: summary
2024-06-03 20:36:03,512 INFO    SenderThread:86020 [sender.py:_save_file():1389] saving file wandb-summary.json with policy end
2024-06-03 20:36:03,512 DEBUG   SenderThread:86020 [sender.py:send_request():405] send_request: defer
2024-06-03 20:36:03,512 INFO    SenderThread:86020 [sender.py:send_request_defer():609] handle sender defer: 5
2024-06-03 20:36:03,512 INFO    SenderThread:86020 [sender.py:transition_state():613] send defer: 6
2024-06-03 20:36:03,512 DEBUG   HandlerThread:86020 [handler.py:handle_request():158] handle_request: defer
2024-06-03 20:36:03,512 INFO    HandlerThread:86020 [handler.py:handle_request_defer():184] handle defer: 6
2024-06-03 20:36:03,512 DEBUG   SenderThread:86020 [sender.py:send_request():405] send_request: defer
2024-06-03 20:36:03,512 INFO    SenderThread:86020 [sender.py:send_request_defer():609] handle sender defer: 6
2024-06-03 20:36:03,514 DEBUG   HandlerThread:86020 [handler.py:handle_request():158] handle_request: status_report
2024-06-03 20:36:03,606 INFO    SenderThread:86020 [sender.py:transition_state():613] send defer: 7
2024-06-03 20:36:03,606 DEBUG   HandlerThread:86020 [handler.py:handle_request():158] handle_request: defer
2024-06-03 20:36:03,606 INFO    HandlerThread:86020 [handler.py:handle_request_defer():184] handle defer: 7
2024-06-03 20:36:03,606 DEBUG   SenderThread:86020 [sender.py:send_request():405] send_request: defer
2024-06-03 20:36:03,606 INFO    SenderThread:86020 [sender.py:send_request_defer():609] handle sender defer: 7
2024-06-03 20:36:03,774 INFO    Thread-12 :86020 [dir_watcher.py:_on_file_modified():288] file/dir modified: /Users/dakotachang/wandb_testing/wandb/run-20240603_203451-lopdxnzu/files/config.yaml
2024-06-03 20:36:03,775 INFO    Thread-12 :86020 [dir_watcher.py:_on_file_modified():288] file/dir modified: /Users/dakotachang/wandb_testing/wandb/run-20240603_203451-lopdxnzu/files/wandb-summary.json
2024-06-03 20:36:03,775 INFO    Thread-12 :86020 [dir_watcher.py:_on_file_modified():288] file/dir modified: /Users/dakotachang/wandb_testing/wandb/run-20240603_203451-lopdxnzu/files/output.log
2024-06-03 20:36:04,522 DEBUG   HandlerThread:86020 [handler.py:handle_request():158] handle_request: poll_exit
2024-06-03 20:36:05,804 INFO    Thread-12 :86020 [dir_watcher.py:_on_file_modified():288] file/dir modified: /Users/dakotachang/wandb_testing/wandb/run-20240603_203451-lopdxnzu/files/output.log
2024-06-03 20:36:07,088 INFO    SenderThread:86020 [sender.py:transition_state():613] send defer: 8
2024-06-03 20:36:07,090 DEBUG   SenderThread:86020 [sender.py:send_request():405] send_request: poll_exit
2024-06-03 20:36:07,090 DEBUG   HandlerThread:86020 [handler.py:handle_request():158] handle_request: defer
2024-06-03 20:36:07,092 INFO    HandlerThread:86020 [handler.py:handle_request_defer():184] handle defer: 8
2024-06-03 20:36:07,094 DEBUG   SenderThread:86020 [sender.py:send_request():405] send_request: defer
2024-06-03 20:36:07,094 INFO    SenderThread:86020 [sender.py:send_request_defer():609] handle sender defer: 8
2024-06-03 20:36:07,094 INFO    SenderThread:86020 [sender.py:transition_state():613] send defer: 9
2024-06-03 20:36:07,094 DEBUG   HandlerThread:86020 [handler.py:handle_request():158] handle_request: defer
2024-06-03 20:36:07,094 INFO    HandlerThread:86020 [handler.py:handle_request_defer():184] handle defer: 9
2024-06-03 20:36:07,095 DEBUG   SenderThread:86020 [sender.py:send_request():405] send_request: defer
2024-06-03 20:36:07,095 INFO    SenderThread:86020 [sender.py:send_request_defer():609] handle sender defer: 9
2024-06-03 20:36:07,095 INFO    SenderThread:86020 [dir_watcher.py:finish():358] shutting down directory watcher
2024-06-03 20:36:07,540 DEBUG   HandlerThread:86020 [handler.py:handle_request():158] handle_request: poll_exit
2024-06-03 20:36:07,824 INFO    Thread-12 :86020 [dir_watcher.py:_on_file_modified():288] file/dir modified: /Users/dakotachang/wandb_testing/wandb/run-20240603_203451-lopdxnzu/files/output.log
2024-06-03 20:36:07,825 INFO    SenderThread:86020 [dir_watcher.py:finish():388] scan: /Users/dakotachang/wandb_testing/wandb/run-20240603_203451-lopdxnzu/files
2024-06-03 20:36:07,826 INFO    SenderThread:86020 [dir_watcher.py:finish():402] scan save: /Users/dakotachang/wandb_testing/wandb/run-20240603_203451-lopdxnzu/files/requirements.txt requirements.txt
2024-06-03 20:36:07,826 INFO    SenderThread:86020 [dir_watcher.py:finish():402] scan save: /Users/dakotachang/wandb_testing/wandb/run-20240603_203451-lopdxnzu/files/output.log output.log
2024-06-03 20:36:07,835 INFO    SenderThread:86020 [dir_watcher.py:finish():402] scan save: /Users/dakotachang/wandb_testing/wandb/run-20240603_203451-lopdxnzu/files/config.yaml config.yaml
2024-06-03 20:36:07,838 INFO    SenderThread:86020 [dir_watcher.py:finish():402] scan save: /Users/dakotachang/wandb_testing/wandb/run-20240603_203451-lopdxnzu/files/wandb-summary.json wandb-summary.json
2024-06-03 20:36:07,841 INFO    SenderThread:86020 [dir_watcher.py:finish():402] scan save: /Users/dakotachang/wandb_testing/wandb/run-20240603_203451-lopdxnzu/files/conda-environment.yaml conda-environment.yaml
2024-06-03 20:36:07,844 INFO    SenderThread:86020 [dir_watcher.py:finish():402] scan save: /Users/dakotachang/wandb_testing/wandb/run-20240603_203451-lopdxnzu/files/wandb-metadata.json wandb-metadata.json
2024-06-03 20:36:07,845 INFO    SenderThread:86020 [sender.py:transition_state():613] send defer: 10
2024-06-03 20:36:07,846 DEBUG   SenderThread:86020 [sender.py:send_request():405] send_request: poll_exit
2024-06-03 20:36:07,847 DEBUG   HandlerThread:86020 [handler.py:handle_request():158] handle_request: defer
2024-06-03 20:36:07,847 INFO    HandlerThread:86020 [handler.py:handle_request_defer():184] handle defer: 10
2024-06-03 20:36:07,848 DEBUG   SenderThread:86020 [sender.py:send_request():405] send_request: defer
2024-06-03 20:36:07,848 INFO    SenderThread:86020 [sender.py:send_request_defer():609] handle sender defer: 10
2024-06-03 20:36:07,849 INFO    SenderThread:86020 [file_pusher.py:finish():169] shutting down file pusher
2024-06-03 20:36:08,044 INFO    wandb-upload_0:86020 [upload_job.py:push():130] Uploaded file /Users/dakotachang/wandb_testing/wandb/run-20240603_203451-lopdxnzu/files/requirements.txt
2024-06-03 20:36:08,271 INFO    wandb-upload_4:86020 [upload_job.py:push():130] Uploaded file /Users/dakotachang/wandb_testing/wandb/run-20240603_203451-lopdxnzu/files/conda-environment.yaml
2024-06-03 20:36:08,285 INFO    wandb-upload_3:86020 [upload_job.py:push():130] Uploaded file /Users/dakotachang/wandb_testing/wandb/run-20240603_203451-lopdxnzu/files/wandb-summary.json
2024-06-03 20:36:08,324 INFO    wandb-upload_2:86020 [upload_job.py:push():130] Uploaded file /Users/dakotachang/wandb_testing/wandb/run-20240603_203451-lopdxnzu/files/config.yaml
2024-06-03 20:36:08,332 INFO    wandb-upload_1:86020 [upload_job.py:push():130] Uploaded file /Users/dakotachang/wandb_testing/wandb/run-20240603_203451-lopdxnzu/files/output.log
2024-06-03 20:36:08,539 INFO    Thread-11 (_thread_body):86020 [sender.py:transition_state():613] send defer: 11
2024-06-03 20:36:08,540 DEBUG   HandlerThread:86020 [handler.py:handle_request():158] handle_request: defer
2024-06-03 20:36:08,540 INFO    HandlerThread:86020 [handler.py:handle_request_defer():184] handle defer: 11
2024-06-03 20:36:08,541 DEBUG   SenderThread:86020 [sender.py:send_request():405] send_request: defer
2024-06-03 20:36:08,541 INFO    SenderThread:86020 [sender.py:send_request_defer():609] handle sender defer: 11
2024-06-03 20:36:08,541 INFO    SenderThread:86020 [file_pusher.py:join():175] waiting for file pusher
2024-06-03 20:36:08,542 INFO    SenderThread:86020 [sender.py:transition_state():613] send defer: 12
2024-06-03 20:36:08,542 DEBUG   HandlerThread:86020 [handler.py:handle_request():158] handle_request: defer
2024-06-03 20:36:08,542 INFO    HandlerThread:86020 [handler.py:handle_request_defer():184] handle defer: 12
2024-06-03 20:36:08,543 DEBUG   SenderThread:86020 [sender.py:send_request():405] send_request: defer
2024-06-03 20:36:08,543 INFO    SenderThread:86020 [sender.py:send_request_defer():609] handle sender defer: 12
2024-06-03 20:36:08,543 INFO    SenderThread:86020 [file_stream.py:finish():601] file stream finish called
2024-06-03 20:36:08,548 DEBUG   HandlerThread:86020 [handler.py:handle_request():158] handle_request: poll_exit
2024-06-03 20:36:08,628 INFO    SenderThread:86020 [file_stream.py:finish():605] file stream finish is done
2024-06-03 20:36:08,628 INFO    SenderThread:86020 [sender.py:transition_state():613] send defer: 13
2024-06-03 20:36:08,628 DEBUG   SenderThread:86020 [sender.py:send_request():405] send_request: poll_exit
2024-06-03 20:36:08,628 DEBUG   HandlerThread:86020 [handler.py:handle_request():158] handle_request: defer
2024-06-03 20:36:08,628 INFO    HandlerThread:86020 [handler.py:handle_request_defer():184] handle defer: 13
2024-06-03 20:36:08,629 DEBUG   SenderThread:86020 [sender.py:send_request():405] send_request: defer
2024-06-03 20:36:08,629 INFO    SenderThread:86020 [sender.py:send_request_defer():609] handle sender defer: 13
2024-06-03 20:36:08,629 INFO    SenderThread:86020 [sender.py:transition_state():613] send defer: 14
2024-06-03 20:36:08,629 DEBUG   HandlerThread:86020 [handler.py:handle_request():158] handle_request: defer
2024-06-03 20:36:08,630 INFO    HandlerThread:86020 [handler.py:handle_request_defer():184] handle defer: 14
2024-06-03 20:36:08,630 DEBUG   SenderThread:86020 [sender.py:send():378] send: final
2024-06-03 20:36:08,630 DEBUG   SenderThread:86020 [sender.py:send():378] send: footer
2024-06-03 20:36:08,630 DEBUG   SenderThread:86020 [sender.py:send_request():405] send_request: defer
2024-06-03 20:36:08,630 INFO    SenderThread:86020 [sender.py:send_request_defer():609] handle sender defer: 14
2024-06-03 20:36:08,632 DEBUG   HandlerThread:86020 [handler.py:handle_request():158] handle_request: poll_exit
2024-06-03 20:36:08,632 DEBUG   SenderThread:86020 [sender.py:send_request():405] send_request: poll_exit
2024-06-03 20:36:08,634 DEBUG   HandlerThread:86020 [handler.py:handle_request():158] handle_request: internal_messages
2024-06-03 20:36:08,634 DEBUG   HandlerThread:86020 [handler.py:handle_request():158] handle_request: server_info
2024-06-03 20:36:08,635 DEBUG   HandlerThread:86020 [handler.py:handle_request():158] handle_request: get_summary
2024-06-03 20:36:08,635 DEBUG   SenderThread:86020 [sender.py:send_request():405] send_request: server_info
2024-06-03 20:36:08,638 DEBUG   HandlerThread:86020 [handler.py:handle_request():158] handle_request: sampled_history
2024-06-03 20:36:08,704 DEBUG   HandlerThread:86020 [handler.py:handle_request():158] handle_request: shutdown
2024-06-03 20:36:08,705 INFO    HandlerThread:86020 [handler.py:finish():882] shutting down handler
2024-06-03 20:41:20,658 INFO    WriterThread:86020 [datastore.py:close():296] close: /Users/dakotachang/wandb_testing/wandb/run-20240603_203451-lopdxnzu/run-lopdxnzu.wandb
2024-06-03 20:41:20,730 INFO    SenderThread:86020 [sender.py:finish():1545] shutting down sender
2024-06-03 20:41:20,730 INFO    SenderThread:86020 [file_pusher.py:finish():169] shutting down file pusher
2024-06-03 20:41:20,733 INFO    SenderThread:86020 [file_pusher.py:join():175] waiting for file pusher
